[1] 0.004086771 4.481689070
[1]  500 2198
List of 3
 $ n_params   : int 2
 $ theta.kappa: num [1:2] -3 4
 $ operator_in:List of 7
  ..$ alpha     : num 2
  ..$ B.kappa   : num [1:2198, 1:2] 1 1 1 1 1 1 1 1 1 1 ...
  ..$ n_params  : int 2
  ..$ n         : int 2198
  ..$ C         :Formal class 'dgCMatrix' [package "Matrix"] with 6 slots
  .. .. ..@ i       : int(0) 
  .. .. ..@ p       : int 0
  .. .. ..@ Dim     : int [1:2] 0 0
  .. .. ..@ Dimnames:List of 2
  .. .. .. ..$ : NULL
  .. .. .. ..$ : NULL
  .. .. ..@ x       : num(0) 
  .. .. ..@ factors : list()
  ..$ G         :Formal class 'dgCMatrix' [package "Matrix"] with 6 slots
  .. .. ..@ i       : int(0) 
  .. .. ..@ p       : int 0
  .. .. ..@ Dim     : int [1:2] 0 0
  .. .. ..@ Dimnames:List of 2
  .. .. .. ..$ : NULL
  .. .. .. ..$ : NULL
  .. .. ..@ x       : num(0) 
  .. .. ..@ factors : list()
  ..$ use_num_dK: logi FALSE
 - attr(*, "class")= chr "ngme.spde"
List of 15
 $ model_type : chr "spde.matern"
 $ var_type   : chr "nig"
 $ n_mesh     : int 2198
 $ A          :Formal class 'dgCMatrix' [package "Matrix"] with 6 slots
  .. ..@ i       : int [1:1500] 452 201 362 4 485 236 79 329 101 121 ...
  .. ..@ p       : int [1:2199] 0 0 1 1 1 2 2 3 3 3 ...
  .. ..@ Dim     : int [1:2] 500 2198
  .. ..@ Dimnames:List of 2
  .. .. ..$ : NULL
  .. .. ..$ : NULL
  .. ..@ x       : num [1:1500] 1 1 0 1 0 0 0 0 1 0 ...
  .. ..@ factors : list()
 $ h          : num [1:2198] 1 1 1 1 1 1 1 1 1 1 ...
 $ B_mu       : num [1:2198, 1] 1 1 1 1 1 1 1 1 1 1 ...
 $ B_sigma    : num [1:2198, 1] 1 1 1 1 1 1 1 1 1 1 ...
 $ n_mu       : int 1
 $ n_sigma    : int 1
 $ n_la_params: int 5
 $ start      :List of 5
  ..$ theta_K    : num [1:2] -3 4
  ..$ theta_mu   : num 0
  ..$ theta_sigma: num 0
  ..$ theta_noise: num 1
  ..$ V          : NULL
 $ operator_in:List of 7
  ..$ alpha     : num 2
  ..$ B.kappa   : num [1:2198, 1:2] 1 1 1 1 1 1 1 1 1 1 ...
  ..$ n_params  : int 2
  ..$ n         : int 2198
  ..$ C         :Formal class 'dgCMatrix' [package "Matrix"] with 6 slots
  .. .. ..@ i       : int(0) 
  .. .. ..@ p       : int 0
  .. .. ..@ Dim     : int [1:2] 0 0
  .. .. ..@ Dimnames:List of 2
  .. .. .. ..$ : NULL
  .. .. .. ..$ : NULL
  .. .. ..@ x       : num(0) 
  .. .. ..@ factors : list()
  ..$ G         :Formal class 'dgCMatrix' [package "Matrix"] with 6 slots
  .. .. ..@ i       : int(0) 
  .. .. ..@ p       : int 0
  .. .. ..@ Dim     : int [1:2] 0 0
  .. .. ..@ Dimnames:List of 2
  .. .. .. ..$ : NULL
  .. .. .. ..$ : NULL
  .. .. ..@ x       : num(0) 
  .. .. ..@ factors : list()
  ..$ use_num_dK: logi FALSE
 $ var_in     :List of 3
  ..$ type       : chr "nig"
  ..$ theta.noise: num 1
  ..$ n_params   : int 1
 $ control_f  :List of 9
  ..$ fix_operator: logi FALSE
  ..$ fix_mu      : logi FALSE
  ..$ fix_sigma   : logi FALSE
  ..$ fix_noise   : logi FALSE
  ..$ theta.K     : num 1
  ..$ numer_grad  : logi FALSE
  ..$ use_precond : logi TRUE
  ..$ use_num_hess: logi TRUE
  ..$ eps         : num 0.01
  ..- attr(*, "class")= chr "control.f"
 $ debug      : logi FALSE
[1] "str=  ngme2::f(data=data,1:mesh$n, model = spde, A = A, debug = TRUE, theta.mu = mu, theta.sigma = log(sigma), control = ngme.control.f(use_precond = TRUE, fix_operator = FALSE, fix_mu = FALSE, fix_sigma = FALSE, fix_noise = TRUE, ))"
List of 5
 $ general_in:List of 6
  ..$ Y          : num [1:500] -5.44 -10.46 -31.98 -30.1 -19.72 ...
  ..$ X          : num[1:500, 0 ] 
  .. ..- attr(*, "dimnames")=List of 2
  .. .. ..$ : chr [1:500] "1" "2" "3" "4" ...
  .. .. ..$ : NULL
  .. ..- attr(*, "assign")= int(0) 
  ..$ family     : chr "normal"
  ..$ n_meshs    : int 2198
  ..$ n_la_params: int 5
  ..$ n_params   : num 6
 $ latents_in:List of 1
  ..$ :List of 15
  .. ..$ model_type : chr "spde.matern"
  .. ..$ var_type   : chr "nig"
  .. ..$ n_mesh     : int 2198
  .. ..$ A          :Formal class 'dgCMatrix' [package "Matrix"] with 6 slots
  .. .. .. ..@ i       : int [1:1500] 452 201 362 4 485 236 79 329 101 121 ...
  .. .. .. ..@ p       : int [1:2199] 0 0 1 1 1 2 2 3 3 3 ...
  .. .. .. ..@ Dim     : int [1:2] 500 2198
  .. .. .. ..@ Dimnames:List of 2
  .. .. .. .. ..$ : NULL
  .. .. .. .. ..$ : NULL
  .. .. .. ..@ x       : num [1:1500] 1 1 0 1 0 0 0 0 1 0 ...
  .. .. .. ..@ factors : list()
  .. ..$ h          : num [1:2198] 1 1 1 1 1 1 1 1 1 1 ...
  .. ..$ B_mu       : num [1:2198, 1] 1 1 1 1 1 1 1 1 1 1 ...
  .. ..$ B_sigma    : num [1:2198, 1] 1 1 1 1 1 1 1 1 1 1 ...
  .. ..$ n_mu       : int 1
  .. ..$ n_sigma    : int 1
  .. ..$ n_la_params: int 5
  .. ..$ start      :List of 5
  .. .. ..$ theta_K    : num [1:2] -3 4
  .. .. ..$ theta_mu   : num 2
  .. .. ..$ theta_sigma: num 0
  .. .. ..$ theta_noise: num 1
  .. .. ..$ V          : NULL
  .. ..$ operator_in:List of 7
  .. .. ..$ alpha     : num 2
  .. .. ..$ B.kappa   : num [1:2198, 1:2] 1 1 1 1 1 1 1 1 1 1 ...
  .. .. ..$ n_params  : int 2
  .. .. ..$ n         : int 2198
  .. .. ..$ C         :Formal class 'dgCMatrix' [package "Matrix"] with 6 slots
  .. .. .. .. ..@ i       : int(0) 
  .. .. .. .. ..@ p       : int 0
  .. .. .. .. ..@ Dim     : int [1:2] 0 0
  .. .. .. .. ..@ Dimnames:List of 2
  .. .. .. .. .. ..$ : NULL
  .. .. .. .. .. ..$ : NULL
  .. .. .. .. ..@ x       : num(0) 
  .. .. .. .. ..@ factors : list()
  .. .. ..$ G         :Formal class 'dgCMatrix' [package "Matrix"] with 6 slots
  .. .. .. .. ..@ i       : int(0) 
  .. .. .. .. ..@ p       : int 0
  .. .. .. .. ..@ Dim     : int [1:2] 0 0
  .. .. .. .. ..@ Dimnames:List of 2
  .. .. .. .. .. ..$ : NULL
  .. .. .. .. .. ..$ : NULL
  .. .. .. .. ..@ x       : num(0) 
  .. .. .. .. ..@ factors : list()
  .. .. ..$ use_num_dK: logi FALSE
  .. ..$ var_in     :List of 3
  .. .. ..$ type       : chr "nig"
  .. .. ..$ theta.noise: num 1
  .. .. ..$ n_params   : int 1
  .. ..$ control_f  :List of 9
  .. .. ..$ fix_operator: logi FALSE
  .. .. ..$ fix_mu      : logi FALSE
  .. .. ..$ fix_sigma   : logi FALSE
  .. .. ..$ fix_noise   : logi TRUE
  .. .. ..$ theta.K     : num 1
  .. .. ..$ numer_grad  : logi FALSE
  .. .. ..$ use_precond : logi TRUE
  .. .. ..$ use_num_hess: logi TRUE
  .. .. ..$ eps         : num 0.01
  .. .. ..- attr(*, "class")= chr "control.f"
  .. ..$ debug      : logi TRUE
 $ start_in  :List of 3
  ..$ fixed.effects   : num(0) 
  ..$ mesurement.noise: num 11.3
  ..$ block.W         : NULL
 $ control_in:List of 9
  ..$ burnin        : num 100
  ..$ iterations    : num 200
  ..$ gibbs_sample  : num 5
  ..$ stepsize      : num 1
  ..$ opt_fix_effect: logi TRUE
  ..$ kill_var      : logi FALSE
  ..$ kill_power    : num 0.75
  ..$ threshold     : num 1e-05
  ..$ termination   : num 1e-07
  ..- attr(*, "class")= chr "control.ngme"
 $ debug     :List of 4
  ..$ debug   : logi TRUE
  ..$ fix_W   : logi FALSE
  ..$ fix_feff: logi FALSE
  ..$ fix_merr: logi FALSE
NULL
Begin Block Constructor
constructor of latent
finish constructor of latent
constructor of matern ns
constructor of Operator
